{"__type":"$$EventMessageAudit","id":"5158064d-eaa9-47b6-924b-e535ccddb1f8","ts":"2025-10-07T03:50:10.284-04:00","eventName":"n8n.audit.workflow.updated","message":"n8n.audit.workflow.updated","payload":{"userId":"c98181a1-f7c0-4a52-85cc-d91c83dde3d4","_email":"admin@gmail.com","_firstName":"Admin","_lastName":"Admin","globalRole":"global:owner","workflowId":"AAlBgfENko75Lwqf","workflowName":"DPR workflow"}}
{"__type":"$$EventMessageConfirm","confirm":"5158064d-eaa9-47b6-924b-e535ccddb1f8","ts":"2025-10-07T03:50:10.286-04:00","source":{"id":"0","name":"eventBus"}}
{"__type":"$$EventMessageAudit","id":"a808afdd-c524-4c01-8db7-ebed23d6ca53","ts":"2025-10-07T03:50:13.742-04:00","eventName":"n8n.audit.workflow.updated","message":"n8n.audit.workflow.updated","payload":{"userId":"c98181a1-f7c0-4a52-85cc-d91c83dde3d4","_email":"admin@gmail.com","_firstName":"Admin","_lastName":"Admin","globalRole":"global:owner","workflowId":"AAlBgfENko75Lwqf","workflowName":"DPR workflow"}}
{"__type":"$$EventMessageConfirm","confirm":"a808afdd-c524-4c01-8db7-ebed23d6ca53","ts":"2025-10-07T03:50:13.742-04:00","source":{"id":"0","name":"eventBus"}}
{"__type":"$$EventMessageAudit","id":"af4cedc3-d831-4042-a68e-3ac72d5a0abf","ts":"2025-10-07T03:50:30.128-04:00","eventName":"n8n.audit.workflow.updated","message":"n8n.audit.workflow.updated","payload":{"userId":"c98181a1-f7c0-4a52-85cc-d91c83dde3d4","_email":"admin@gmail.com","_firstName":"Admin","_lastName":"Admin","globalRole":"global:owner","workflowId":"AAlBgfENko75Lwqf","workflowName":"DPR workflow"}}
{"__type":"$$EventMessageConfirm","confirm":"af4cedc3-d831-4042-a68e-3ac72d5a0abf","ts":"2025-10-07T03:50:30.128-04:00","source":{"id":"0","name":"eventBus"}}
{"__type":"$$EventMessageAudit","id":"c870c504-14d3-4e80-ab34-1ceee923356a","ts":"2025-10-07T03:54:40.701-04:00","eventName":"n8n.audit.workflow.created","message":"n8n.audit.workflow.created","payload":{"userId":"c98181a1-f7c0-4a52-85cc-d91c83dde3d4","_email":"admin@gmail.com","_firstName":"Admin","_lastName":"Admin","globalRole":"global:owner","workflowId":"E93Ct7FNCOGDfR5s","workflowName":"DPR Receiver Workflow"}}
{"__type":"$$EventMessageConfirm","confirm":"c870c504-14d3-4e80-ab34-1ceee923356a","ts":"2025-10-07T03:54:40.701-04:00","source":{"id":"0","name":"eventBus"}}
{"__type":"$$EventMessageAudit","id":"fdcdc141-170c-4262-93c6-9b2201b4fcfa","ts":"2025-10-07T03:55:33.366-04:00","eventName":"n8n.audit.workflow.updated","message":"n8n.audit.workflow.updated","payload":{"userId":"c98181a1-f7c0-4a52-85cc-d91c83dde3d4","_email":"admin@gmail.com","_firstName":"Admin","_lastName":"Admin","globalRole":"global:owner","workflowId":"E93Ct7FNCOGDfR5s","workflowName":"DPR Receiver Workflow"}}
{"__type":"$$EventMessageConfirm","confirm":"fdcdc141-170c-4262-93c6-9b2201b4fcfa","ts":"2025-10-07T03:55:33.366-04:00","source":{"id":"0","name":"eventBus"}}
{"__type":"$$EventMessageAudit","id":"6b1593c9-4826-4600-a9c9-54b7b2a1a2dc","ts":"2025-10-07T03:55:38.135-04:00","eventName":"n8n.audit.workflow.updated","message":"n8n.audit.workflow.updated","payload":{"userId":"c98181a1-f7c0-4a52-85cc-d91c83dde3d4","_email":"admin@gmail.com","_firstName":"Admin","_lastName":"Admin","globalRole":"global:owner","workflowId":"E93Ct7FNCOGDfR5s","workflowName":"DPR Receiver Workflow"}}
{"__type":"$$EventMessageConfirm","confirm":"6b1593c9-4826-4600-a9c9-54b7b2a1a2dc","ts":"2025-10-07T03:55:38.135-04:00","source":{"id":"0","name":"eventBus"}}
{"__type":"$$EventMessageWorkflow","id":"051719d3-40ec-4d26-9583-219f6ee45e8f","ts":"2025-10-07T03:56:03.986-04:00","eventName":"n8n.workflow.started","message":"n8n.workflow.started","payload":{"executionId":"2","workflowId":"E93Ct7FNCOGDfR5s","isManual":false,"workflowName":"DPR Receiver Workflow"}}
{"__type":"$$EventMessageConfirm","confirm":"051719d3-40ec-4d26-9583-219f6ee45e8f","ts":"2025-10-07T03:56:03.986-04:00","source":{"id":"0","name":"eventBus"}}
{"__type":"$$EventMessageNode","id":"a3fd6aae-e9d4-496b-a836-295e5e8d892f","ts":"2025-10-07T03:56:03.988-04:00","eventName":"n8n.node.started","message":"n8n.node.started","payload":{"workflowId":"E93Ct7FNCOGDfR5s","workflowName":"DPR Receiver Workflow","executionId":"2","nodeType":"n8n-nodes-base.webhook","nodeName":"Webhook","nodeId":"446aa2b0-084c-42e4-a74c-a0e36626818b"}}
{"__type":"$$EventMessageConfirm","confirm":"a3fd6aae-e9d4-496b-a836-295e5e8d892f","ts":"2025-10-07T03:56:03.989-04:00","source":{"id":"0","name":"eventBus"}}
{"__type":"$$EventMessageNode","id":"66a9ad5f-98b5-498d-a4a3-3b1fc7cce0b2","ts":"2025-10-07T03:56:03.990-04:00","eventName":"n8n.node.finished","message":"n8n.node.finished","payload":{"workflowId":"E93Ct7FNCOGDfR5s","workflowName":"DPR Receiver Workflow","executionId":"2","nodeType":"n8n-nodes-base.webhook","nodeName":"Webhook","nodeId":"446aa2b0-084c-42e4-a74c-a0e36626818b"}}
{"__type":"$$EventMessageConfirm","confirm":"66a9ad5f-98b5-498d-a4a3-3b1fc7cce0b2","ts":"2025-10-07T03:56:03.990-04:00","source":{"id":"0","name":"eventBus"}}
{"__type":"$$EventMessageWorkflow","id":"2e1ca7a8-d62a-42a9-afc2-91262a296125","ts":"2025-10-07T03:56:03.994-04:00","eventName":"n8n.workflow.success","message":"n8n.workflow.success","payload":{"executionId":"2","success":true,"isManual":true,"workflowId":"E93Ct7FNCOGDfR5s","workflowName":"DPR Receiver Workflow"}}
{"__type":"$$EventMessageConfirm","confirm":"2e1ca7a8-d62a-42a9-afc2-91262a296125","ts":"2025-10-07T03:56:03.994-04:00","source":{"id":"0","name":"eventBus"}}
{"__type":"$$EventMessageAudit","id":"18316431-27f9-4448-880c-5b440b5d47a1","ts":"2025-10-07T03:57:25.840-04:00","eventName":"n8n.audit.workflow.updated","message":"n8n.audit.workflow.updated","payload":{"userId":"c98181a1-f7c0-4a52-85cc-d91c83dde3d4","_email":"admin@gmail.com","_firstName":"Admin","_lastName":"Admin","globalRole":"global:owner","workflowId":"E93Ct7FNCOGDfR5s","workflowName":"DPR Receiver Workflow"}}
{"__type":"$$EventMessageConfirm","confirm":"18316431-27f9-4448-880c-5b440b5d47a1","ts":"2025-10-07T03:57:25.840-04:00","source":{"id":"0","name":"eventBus"}}
{"__type":"$$EventMessageAudit","id":"5173e57b-fbcd-4f79-b45a-71ec6bb2ed91","ts":"2025-10-07T03:57:31.757-04:00","eventName":"n8n.audit.workflow.updated","message":"n8n.audit.workflow.updated","payload":{"userId":"c98181a1-f7c0-4a52-85cc-d91c83dde3d4","_email":"admin@gmail.com","_firstName":"Admin","_lastName":"Admin","globalRole":"global:owner","workflowId":"E93Ct7FNCOGDfR5s","workflowName":"DPR Receiver Workflow"}}
{"__type":"$$EventMessageConfirm","confirm":"5173e57b-fbcd-4f79-b45a-71ec6bb2ed91","ts":"2025-10-07T03:57:31.757-04:00","source":{"id":"0","name":"eventBus"}}
{"__type":"$$EventMessageWorkflow","id":"7603c829-2d11-43a1-8cae-ca794fb6fe3a","ts":"2025-10-07T03:57:37.605-04:00","eventName":"n8n.workflow.started","message":"n8n.workflow.started","payload":{"executionId":"3","workflowId":"E93Ct7FNCOGDfR5s","isManual":false,"workflowName":"DPR Receiver Workflow"}}
{"__type":"$$EventMessageConfirm","confirm":"7603c829-2d11-43a1-8cae-ca794fb6fe3a","ts":"2025-10-07T03:57:37.606-04:00","source":{"id":"0","name":"eventBus"}}
{"__type":"$$EventMessageNode","id":"71b996d0-bf19-4537-a1f6-adefcdc67a3d","ts":"2025-10-07T03:57:37.607-04:00","eventName":"n8n.node.started","message":"n8n.node.started","payload":{"workflowId":"E93Ct7FNCOGDfR5s","workflowName":"DPR Receiver Workflow","executionId":"3","nodeType":"n8n-nodes-base.webhook","nodeName":"Webhook","nodeId":"446aa2b0-084c-42e4-a74c-a0e36626818b"}}
{"__type":"$$EventMessageConfirm","confirm":"71b996d0-bf19-4537-a1f6-adefcdc67a3d","ts":"2025-10-07T03:57:37.607-04:00","source":{"id":"0","name":"eventBus"}}
{"__type":"$$EventMessageNode","id":"18f9488d-78d9-4c5c-8db4-3bd4bb8da8ba","ts":"2025-10-07T03:57:37.607-04:00","eventName":"n8n.node.finished","message":"n8n.node.finished","payload":{"workflowId":"E93Ct7FNCOGDfR5s","workflowName":"DPR Receiver Workflow","executionId":"3","nodeType":"n8n-nodes-base.webhook","nodeName":"Webhook","nodeId":"446aa2b0-084c-42e4-a74c-a0e36626818b"}}
{"__type":"$$EventMessageConfirm","confirm":"18f9488d-78d9-4c5c-8db4-3bd4bb8da8ba","ts":"2025-10-07T03:57:37.607-04:00","source":{"id":"0","name":"eventBus"}}
{"__type":"$$EventMessageWorkflow","id":"a96647ae-319b-4edf-af79-996cba23cb71","ts":"2025-10-07T03:57:37.608-04:00","eventName":"n8n.workflow.success","message":"n8n.workflow.success","payload":{"executionId":"3","success":true,"isManual":true,"workflowId":"E93Ct7FNCOGDfR5s","workflowName":"DPR Receiver Workflow"}}
{"__type":"$$EventMessageConfirm","confirm":"a96647ae-319b-4edf-af79-996cba23cb71","ts":"2025-10-07T03:57:37.608-04:00","source":{"id":"0","name":"eventBus"}}
{"__type":"$$EventMessageAudit","id":"77f6fef0-3e11-4f2b-8bb5-229021036ee7","ts":"2025-10-07T04:04:10.546-04:00","eventName":"n8n.audit.workflow.created","message":"n8n.audit.workflow.created","payload":{"userId":"c98181a1-f7c0-4a52-85cc-d91c83dde3d4","_email":"admin@gmail.com","_firstName":"Admin","_lastName":"Admin","globalRole":"global:owner","workflowId":"QHPhvZu7MeG0aSJ0","workflowName":"My workflow"}}
{"__type":"$$EventMessageConfirm","confirm":"77f6fef0-3e11-4f2b-8bb5-229021036ee7","ts":"2025-10-07T04:04:10.547-04:00","source":{"id":"0","name":"eventBus"}}
{"__type":"$$EventMessageAudit","id":"dc00b07b-345d-4eb9-9954-81b8af412538","ts":"2025-10-07T04:06:10.395-04:00","eventName":"n8n.audit.workflow.updated","message":"n8n.audit.workflow.updated","payload":{"userId":"c98181a1-f7c0-4a52-85cc-d91c83dde3d4","_email":"admin@gmail.com","_firstName":"Admin","_lastName":"Admin","globalRole":"global:owner","workflowId":"QHPhvZu7MeG0aSJ0","workflowName":"My workflow"}}
{"__type":"$$EventMessageConfirm","confirm":"dc00b07b-345d-4eb9-9954-81b8af412538","ts":"2025-10-07T04:06:10.395-04:00","source":{"id":"0","name":"eventBus"}}
{"__type":"$$EventMessageWorkflow","id":"432235bc-fd0f-4e00-842b-91754bd9ed0f","ts":"2025-10-07T04:07:14.284-04:00","eventName":"n8n.workflow.started","message":"n8n.workflow.started","payload":{"executionId":"4","workflowId":"E93Ct7FNCOGDfR5s","isManual":false,"workflowName":"DPR Receiver Workflow"}}
{"__type":"$$EventMessageConfirm","confirm":"432235bc-fd0f-4e00-842b-91754bd9ed0f","ts":"2025-10-07T04:07:14.284-04:00","source":{"id":"0","name":"eventBus"}}
{"__type":"$$EventMessageNode","id":"9361ff6f-5246-474c-afde-35060bac3ca5","ts":"2025-10-07T04:07:14.284-04:00","eventName":"n8n.node.started","message":"n8n.node.started","payload":{"workflowId":"E93Ct7FNCOGDfR5s","workflowName":"DPR Receiver Workflow","executionId":"4","nodeType":"n8n-nodes-base.webhook","nodeName":"Webhook","nodeId":"446aa2b0-084c-42e4-a74c-a0e36626818b"}}
{"__type":"$$EventMessageConfirm","confirm":"9361ff6f-5246-474c-afde-35060bac3ca5","ts":"2025-10-07T04:07:14.284-04:00","source":{"id":"0","name":"eventBus"}}
{"__type":"$$EventMessageNode","id":"b0cf1ee1-a185-4019-84c5-380e869f63ba","ts":"2025-10-07T04:07:14.284-04:00","eventName":"n8n.node.finished","message":"n8n.node.finished","payload":{"workflowId":"E93Ct7FNCOGDfR5s","workflowName":"DPR Receiver Workflow","executionId":"4","nodeType":"n8n-nodes-base.webhook","nodeName":"Webhook","nodeId":"446aa2b0-084c-42e4-a74c-a0e36626818b"}}
{"__type":"$$EventMessageConfirm","confirm":"b0cf1ee1-a185-4019-84c5-380e869f63ba","ts":"2025-10-07T04:07:14.284-04:00","source":{"id":"0","name":"eventBus"}}
{"__type":"$$EventMessageWorkflow","id":"79abc7ca-0bb8-4a37-b26c-9b64f75e37cb","ts":"2025-10-07T04:07:14.285-04:00","eventName":"n8n.workflow.success","message":"n8n.workflow.success","payload":{"executionId":"4","success":true,"isManual":false,"workflowId":"E93Ct7FNCOGDfR5s","workflowName":"DPR Receiver Workflow"}}
{"__type":"$$EventMessageConfirm","confirm":"79abc7ca-0bb8-4a37-b26c-9b64f75e37cb","ts":"2025-10-07T04:07:14.285-04:00","source":{"id":"0","name":"eventBus"}}
{"__type":"$$EventMessageWorkflow","id":"e370cfc2-5800-4486-9bb6-35ee7e056365","ts":"2025-10-07T04:07:47.578-04:00","eventName":"n8n.workflow.started","message":"n8n.workflow.started","payload":{"executionId":"5","workflowId":"E93Ct7FNCOGDfR5s","isManual":false,"workflowName":"DPR Receiver Workflow"}}
{"__type":"$$EventMessageConfirm","confirm":"e370cfc2-5800-4486-9bb6-35ee7e056365","ts":"2025-10-07T04:07:47.578-04:00","source":{"id":"0","name":"eventBus"}}
{"__type":"$$EventMessageNode","id":"83755ae6-8da6-45b4-b82b-084670b1d622","ts":"2025-10-07T04:07:47.578-04:00","eventName":"n8n.node.started","message":"n8n.node.started","payload":{"workflowId":"E93Ct7FNCOGDfR5s","workflowName":"DPR Receiver Workflow","executionId":"5","nodeType":"n8n-nodes-base.webhook","nodeName":"Webhook","nodeId":"446aa2b0-084c-42e4-a74c-a0e36626818b"}}
{"__type":"$$EventMessageConfirm","confirm":"83755ae6-8da6-45b4-b82b-084670b1d622","ts":"2025-10-07T04:07:47.578-04:00","source":{"id":"0","name":"eventBus"}}
{"__type":"$$EventMessageNode","id":"677803cf-b9ef-4608-844a-e2afc387a7e9","ts":"2025-10-07T04:07:47.579-04:00","eventName":"n8n.node.finished","message":"n8n.node.finished","payload":{"workflowId":"E93Ct7FNCOGDfR5s","workflowName":"DPR Receiver Workflow","executionId":"5","nodeType":"n8n-nodes-base.webhook","nodeName":"Webhook","nodeId":"446aa2b0-084c-42e4-a74c-a0e36626818b"}}
{"__type":"$$EventMessageConfirm","confirm":"677803cf-b9ef-4608-844a-e2afc387a7e9","ts":"2025-10-07T04:07:47.579-04:00","source":{"id":"0","name":"eventBus"}}
{"__type":"$$EventMessageWorkflow","id":"78a3a631-7baf-4ba3-98ca-efa1dda16eed","ts":"2025-10-07T04:07:47.580-04:00","eventName":"n8n.workflow.success","message":"n8n.workflow.success","payload":{"executionId":"5","success":true,"isManual":false,"workflowId":"E93Ct7FNCOGDfR5s","workflowName":"DPR Receiver Workflow"}}
{"__type":"$$EventMessageConfirm","confirm":"78a3a631-7baf-4ba3-98ca-efa1dda16eed","ts":"2025-10-07T04:07:47.580-04:00","source":{"id":"0","name":"eventBus"}}
{"__type":"$$EventMessageWorkflow","id":"9b736222-8b73-4040-ada0-c530c32e15bc","ts":"2025-10-07T04:09:20.705-04:00","eventName":"n8n.workflow.started","message":"n8n.workflow.started","payload":{"executionId":"6","workflowId":"E93Ct7FNCOGDfR5s","isManual":false,"workflowName":"DPR Receiver Workflow"}}
{"__type":"$$EventMessageConfirm","confirm":"9b736222-8b73-4040-ada0-c530c32e15bc","ts":"2025-10-07T04:09:20.705-04:00","source":{"id":"0","name":"eventBus"}}
{"__type":"$$EventMessageNode","id":"657e9ccd-42aa-4166-b9d5-09803f15212f","ts":"2025-10-07T04:09:20.705-04:00","eventName":"n8n.node.started","message":"n8n.node.started","payload":{"workflowId":"E93Ct7FNCOGDfR5s","workflowName":"DPR Receiver Workflow","executionId":"6","nodeType":"n8n-nodes-base.webhook","nodeName":"Webhook","nodeId":"446aa2b0-084c-42e4-a74c-a0e36626818b"}}
{"__type":"$$EventMessageConfirm","confirm":"657e9ccd-42aa-4166-b9d5-09803f15212f","ts":"2025-10-07T04:09:20.706-04:00","source":{"id":"0","name":"eventBus"}}
{"__type":"$$EventMessageNode","id":"a63cb266-f024-4271-85ea-b2e62a3359cc","ts":"2025-10-07T04:09:20.706-04:00","eventName":"n8n.node.finished","message":"n8n.node.finished","payload":{"workflowId":"E93Ct7FNCOGDfR5s","workflowName":"DPR Receiver Workflow","executionId":"6","nodeType":"n8n-nodes-base.webhook","nodeName":"Webhook","nodeId":"446aa2b0-084c-42e4-a74c-a0e36626818b"}}
{"__type":"$$EventMessageConfirm","confirm":"a63cb266-f024-4271-85ea-b2e62a3359cc","ts":"2025-10-07T04:09:20.706-04:00","source":{"id":"0","name":"eventBus"}}
{"__type":"$$EventMessageWorkflow","id":"c01b03b7-c139-437a-aa3a-0514a41a4dbc","ts":"2025-10-07T04:09:20.706-04:00","eventName":"n8n.workflow.success","message":"n8n.workflow.success","payload":{"executionId":"6","success":true,"isManual":false,"workflowId":"E93Ct7FNCOGDfR5s","workflowName":"DPR Receiver Workflow"}}
{"__type":"$$EventMessageConfirm","confirm":"c01b03b7-c139-437a-aa3a-0514a41a4dbc","ts":"2025-10-07T04:09:20.706-04:00","source":{"id":"0","name":"eventBus"}}
{"__type":"$$EventMessageWorkflow","id":"d7d6fd0c-d1fc-4c40-9c71-de2ed6ba9a01","ts":"2025-10-07T04:11:08.658-04:00","eventName":"n8n.workflow.started","message":"n8n.workflow.started","payload":{"executionId":"7","workflowId":"E93Ct7FNCOGDfR5s","isManual":false,"workflowName":"DPR Receiver Workflow"}}
{"__type":"$$EventMessageConfirm","confirm":"d7d6fd0c-d1fc-4c40-9c71-de2ed6ba9a01","ts":"2025-10-07T04:11:08.658-04:00","source":{"id":"0","name":"eventBus"}}
{"__type":"$$EventMessageNode","id":"d1ab6b73-8282-4315-9f9b-b65a423f4b05","ts":"2025-10-07T04:11:08.659-04:00","eventName":"n8n.node.started","message":"n8n.node.started","payload":{"workflowId":"E93Ct7FNCOGDfR5s","workflowName":"DPR Receiver Workflow","executionId":"7","nodeType":"n8n-nodes-base.webhook","nodeName":"Webhook","nodeId":"446aa2b0-084c-42e4-a74c-a0e36626818b"}}
{"__type":"$$EventMessageConfirm","confirm":"d1ab6b73-8282-4315-9f9b-b65a423f4b05","ts":"2025-10-07T04:11:08.659-04:00","source":{"id":"0","name":"eventBus"}}
{"__type":"$$EventMessageNode","id":"f8da9d73-0eca-42f6-8907-76e92de16fe3","ts":"2025-10-07T04:11:08.660-04:00","eventName":"n8n.node.finished","message":"n8n.node.finished","payload":{"workflowId":"E93Ct7FNCOGDfR5s","workflowName":"DPR Receiver Workflow","executionId":"7","nodeType":"n8n-nodes-base.webhook","nodeName":"Webhook","nodeId":"446aa2b0-084c-42e4-a74c-a0e36626818b"}}
{"__type":"$$EventMessageConfirm","confirm":"f8da9d73-0eca-42f6-8907-76e92de16fe3","ts":"2025-10-07T04:11:08.660-04:00","source":{"id":"0","name":"eventBus"}}
{"__type":"$$EventMessageWorkflow","id":"2169d849-bc12-41cf-ba5d-f792bb0b339f","ts":"2025-10-07T04:11:08.661-04:00","eventName":"n8n.workflow.success","message":"n8n.workflow.success","payload":{"executionId":"7","success":true,"isManual":true,"workflowId":"E93Ct7FNCOGDfR5s","workflowName":"DPR Receiver Workflow"}}
{"__type":"$$EventMessageConfirm","confirm":"2169d849-bc12-41cf-ba5d-f792bb0b339f","ts":"2025-10-07T04:11:08.662-04:00","source":{"id":"0","name":"eventBus"}}
{"__type":"$$EventMessageWorkflow","id":"64e91cb9-850b-4c64-9c2b-4231c64c816d","ts":"2025-10-07T04:14:22.778-04:00","eventName":"n8n.workflow.started","message":"n8n.workflow.started","payload":{"executionId":"8","workflowId":"E93Ct7FNCOGDfR5s","isManual":false,"workflowName":"DPR Receiver Workflow"}}
{"__type":"$$EventMessageConfirm","confirm":"64e91cb9-850b-4c64-9c2b-4231c64c816d","ts":"2025-10-07T04:14:22.778-04:00","source":{"id":"0","name":"eventBus"}}
{"__type":"$$EventMessageNode","id":"50d86872-38a0-41a0-9d0b-49a754b36de9","ts":"2025-10-07T04:14:22.779-04:00","eventName":"n8n.node.started","message":"n8n.node.started","payload":{"workflowId":"E93Ct7FNCOGDfR5s","workflowName":"DPR Receiver Workflow","executionId":"8","nodeType":"n8n-nodes-base.webhook","nodeName":"Webhook","nodeId":"446aa2b0-084c-42e4-a74c-a0e36626818b"}}
{"__type":"$$EventMessageConfirm","confirm":"50d86872-38a0-41a0-9d0b-49a754b36de9","ts":"2025-10-07T04:14:22.779-04:00","source":{"id":"0","name":"eventBus"}}
{"__type":"$$EventMessageNode","id":"0dc49965-46e1-430f-a50c-869f1d9beeb7","ts":"2025-10-07T04:14:22.779-04:00","eventName":"n8n.node.finished","message":"n8n.node.finished","payload":{"workflowId":"E93Ct7FNCOGDfR5s","workflowName":"DPR Receiver Workflow","executionId":"8","nodeType":"n8n-nodes-base.webhook","nodeName":"Webhook","nodeId":"446aa2b0-084c-42e4-a74c-a0e36626818b"}}
{"__type":"$$EventMessageConfirm","confirm":"0dc49965-46e1-430f-a50c-869f1d9beeb7","ts":"2025-10-07T04:14:22.779-04:00","source":{"id":"0","name":"eventBus"}}
{"__type":"$$EventMessageWorkflow","id":"047cb3ec-79ed-47a6-8d9d-c065207efcfd","ts":"2025-10-07T04:14:22.781-04:00","eventName":"n8n.workflow.success","message":"n8n.workflow.success","payload":{"executionId":"8","success":true,"isManual":true,"workflowId":"E93Ct7FNCOGDfR5s","workflowName":"DPR Receiver Workflow"}}
{"__type":"$$EventMessageConfirm","confirm":"047cb3ec-79ed-47a6-8d9d-c065207efcfd","ts":"2025-10-07T04:14:22.781-04:00","source":{"id":"0","name":"eventBus"}}
{"__type":"$$EventMessageWorkflow","id":"040865da-06b3-4d7d-946d-b3278f91ec6d","ts":"2025-10-07T04:15:29.368-04:00","eventName":"n8n.workflow.started","message":"n8n.workflow.started","payload":{"executionId":"9","workflowId":"E93Ct7FNCOGDfR5s","isManual":false,"workflowName":"DPR Receiver Workflow"}}
{"__type":"$$EventMessageConfirm","confirm":"040865da-06b3-4d7d-946d-b3278f91ec6d","ts":"2025-10-07T04:15:29.368-04:00","source":{"id":"0","name":"eventBus"}}
{"__type":"$$EventMessageNode","id":"26a1ddb8-c8ed-458c-ae7c-53185a110897","ts":"2025-10-07T04:15:29.370-04:00","eventName":"n8n.node.started","message":"n8n.node.started","payload":{"workflowId":"E93Ct7FNCOGDfR5s","workflowName":"DPR Receiver Workflow","executionId":"9","nodeType":"n8n-nodes-base.webhook","nodeName":"Webhook","nodeId":"446aa2b0-084c-42e4-a74c-a0e36626818b"}}
{"__type":"$$EventMessageConfirm","confirm":"26a1ddb8-c8ed-458c-ae7c-53185a110897","ts":"2025-10-07T04:15:29.370-04:00","source":{"id":"0","name":"eventBus"}}
{"__type":"$$EventMessageNode","id":"2f09683b-b0bf-4f0d-94ac-2c8d54dc490e","ts":"2025-10-07T04:15:29.371-04:00","eventName":"n8n.node.finished","message":"n8n.node.finished","payload":{"workflowId":"E93Ct7FNCOGDfR5s","workflowName":"DPR Receiver Workflow","executionId":"9","nodeType":"n8n-nodes-base.webhook","nodeName":"Webhook","nodeId":"446aa2b0-084c-42e4-a74c-a0e36626818b"}}
{"__type":"$$EventMessageConfirm","confirm":"2f09683b-b0bf-4f0d-94ac-2c8d54dc490e","ts":"2025-10-07T04:15:29.371-04:00","source":{"id":"0","name":"eventBus"}}
{"__type":"$$EventMessageWorkflow","id":"43748333-16a4-4729-aa31-29dc8665a59e","ts":"2025-10-07T04:15:29.373-04:00","eventName":"n8n.workflow.success","message":"n8n.workflow.success","payload":{"executionId":"9","success":true,"isManual":true,"workflowId":"E93Ct7FNCOGDfR5s","workflowName":"DPR Receiver Workflow"}}
{"__type":"$$EventMessageConfirm","confirm":"43748333-16a4-4729-aa31-29dc8665a59e","ts":"2025-10-07T04:15:29.373-04:00","source":{"id":"0","name":"eventBus"}}
{"__type":"$$EventMessageWorkflow","id":"1f4579f0-2319-46b0-a9f3-2f117a34c821","ts":"2025-10-07T04:19:36.004-04:00","eventName":"n8n.workflow.started","message":"n8n.workflow.started","payload":{"executionId":"10","workflowId":"E93Ct7FNCOGDfR5s","isManual":false,"workflowName":"DPR Receiver Workflow"}}
{"__type":"$$EventMessageConfirm","confirm":"1f4579f0-2319-46b0-a9f3-2f117a34c821","ts":"2025-10-07T04:19:36.004-04:00","source":{"id":"0","name":"eventBus"}}
{"__type":"$$EventMessageNode","id":"6c672d51-8f67-456e-9771-2317970d41a7","ts":"2025-10-07T04:19:36.006-04:00","eventName":"n8n.node.started","message":"n8n.node.started","payload":{"workflowId":"E93Ct7FNCOGDfR5s","workflowName":"DPR Receiver Workflow","executionId":"10","nodeType":"n8n-nodes-base.webhook","nodeName":"Webhook","nodeId":"446aa2b0-084c-42e4-a74c-a0e36626818b"}}
{"__type":"$$EventMessageConfirm","confirm":"6c672d51-8f67-456e-9771-2317970d41a7","ts":"2025-10-07T04:19:36.006-04:00","source":{"id":"0","name":"eventBus"}}
{"__type":"$$EventMessageNode","id":"286bb329-a759-4db9-979e-7f70cc281604","ts":"2025-10-07T04:19:36.008-04:00","eventName":"n8n.node.finished","message":"n8n.node.finished","payload":{"workflowId":"E93Ct7FNCOGDfR5s","workflowName":"DPR Receiver Workflow","executionId":"10","nodeType":"n8n-nodes-base.webhook","nodeName":"Webhook","nodeId":"446aa2b0-084c-42e4-a74c-a0e36626818b"}}
{"__type":"$$EventMessageConfirm","confirm":"286bb329-a759-4db9-979e-7f70cc281604","ts":"2025-10-07T04:19:36.008-04:00","source":{"id":"0","name":"eventBus"}}
{"__type":"$$EventMessageWorkflow","id":"4d2d48da-52c4-4da8-9301-029bd97e43b3","ts":"2025-10-07T04:19:36.010-04:00","eventName":"n8n.workflow.success","message":"n8n.workflow.success","payload":{"executionId":"10","success":true,"isManual":true,"workflowId":"E93Ct7FNCOGDfR5s","workflowName":"DPR Receiver Workflow"}}
{"__type":"$$EventMessageConfirm","confirm":"4d2d48da-52c4-4da8-9301-029bd97e43b3","ts":"2025-10-07T04:19:36.010-04:00","source":{"id":"0","name":"eventBus"}}
{"__type":"$$EventMessageWorkflow","id":"b40db6e6-4127-4a5c-ae53-0be9576f40a0","ts":"2025-10-07T04:24:04.508-04:00","eventName":"n8n.workflow.started","message":"n8n.workflow.started","payload":{"executionId":"11","workflowId":"E93Ct7FNCOGDfR5s","isManual":false,"workflowName":"DPR Receiver Workflow"}}
{"__type":"$$EventMessageConfirm","confirm":"b40db6e6-4127-4a5c-ae53-0be9576f40a0","ts":"2025-10-07T04:24:04.508-04:00","source":{"id":"0","name":"eventBus"}}
{"__type":"$$EventMessageNode","id":"a59d006f-529b-46e2-8a2d-69285c9d8ac4","ts":"2025-10-07T04:24:04.509-04:00","eventName":"n8n.node.started","message":"n8n.node.started","payload":{"workflowId":"E93Ct7FNCOGDfR5s","workflowName":"DPR Receiver Workflow","executionId":"11","nodeType":"n8n-nodes-base.webhook","nodeName":"Webhook","nodeId":"446aa2b0-084c-42e4-a74c-a0e36626818b"}}
{"__type":"$$EventMessageConfirm","confirm":"a59d006f-529b-46e2-8a2d-69285c9d8ac4","ts":"2025-10-07T04:24:04.509-04:00","source":{"id":"0","name":"eventBus"}}
{"__type":"$$EventMessageNode","id":"0a07ff85-74a6-41d4-b12d-d1d692a4492a","ts":"2025-10-07T04:24:04.509-04:00","eventName":"n8n.node.finished","message":"n8n.node.finished","payload":{"workflowId":"E93Ct7FNCOGDfR5s","workflowName":"DPR Receiver Workflow","executionId":"11","nodeType":"n8n-nodes-base.webhook","nodeName":"Webhook","nodeId":"446aa2b0-084c-42e4-a74c-a0e36626818b"}}
{"__type":"$$EventMessageConfirm","confirm":"0a07ff85-74a6-41d4-b12d-d1d692a4492a","ts":"2025-10-07T04:24:04.510-04:00","source":{"id":"0","name":"eventBus"}}
{"__type":"$$EventMessageWorkflow","id":"0989d255-3844-4bff-bd2e-07fe9630ef89","ts":"2025-10-07T04:24:04.511-04:00","eventName":"n8n.workflow.success","message":"n8n.workflow.success","payload":{"executionId":"11","success":true,"isManual":true,"workflowId":"E93Ct7FNCOGDfR5s","workflowName":"DPR Receiver Workflow"}}
{"__type":"$$EventMessageConfirm","confirm":"0989d255-3844-4bff-bd2e-07fe9630ef89","ts":"2025-10-07T04:24:04.511-04:00","source":{"id":"0","name":"eventBus"}}
{"__type":"$$EventMessageWorkflow","id":"c32bab24-c365-481f-9f81-b9d92a914b8d","ts":"2025-10-07T04:25:27.810-04:00","eventName":"n8n.workflow.started","message":"n8n.workflow.started","payload":{"executionId":"12","workflowId":"E93Ct7FNCOGDfR5s","isManual":false,"workflowName":"DPR Receiver Workflow"}}
{"__type":"$$EventMessageConfirm","confirm":"c32bab24-c365-481f-9f81-b9d92a914b8d","ts":"2025-10-07T04:25:27.810-04:00","source":{"id":"0","name":"eventBus"}}
{"__type":"$$EventMessageNode","id":"91683e68-71a8-423a-bc07-0024f9948eed","ts":"2025-10-07T04:25:27.811-04:00","eventName":"n8n.node.started","message":"n8n.node.started","payload":{"workflowId":"E93Ct7FNCOGDfR5s","workflowName":"DPR Receiver Workflow","executionId":"12","nodeType":"n8n-nodes-base.webhook","nodeName":"Webhook","nodeId":"446aa2b0-084c-42e4-a74c-a0e36626818b"}}
{"__type":"$$EventMessageConfirm","confirm":"91683e68-71a8-423a-bc07-0024f9948eed","ts":"2025-10-07T04:25:27.811-04:00","source":{"id":"0","name":"eventBus"}}
{"__type":"$$EventMessageNode","id":"0a48f08f-3d74-4a7d-add3-455e93894239","ts":"2025-10-07T04:25:27.812-04:00","eventName":"n8n.node.finished","message":"n8n.node.finished","payload":{"workflowId":"E93Ct7FNCOGDfR5s","workflowName":"DPR Receiver Workflow","executionId":"12","nodeType":"n8n-nodes-base.webhook","nodeName":"Webhook","nodeId":"446aa2b0-084c-42e4-a74c-a0e36626818b"}}
{"__type":"$$EventMessageConfirm","confirm":"0a48f08f-3d74-4a7d-add3-455e93894239","ts":"2025-10-07T04:25:27.812-04:00","source":{"id":"0","name":"eventBus"}}
{"__type":"$$EventMessageWorkflow","id":"4e69f271-df28-4228-80d9-33b5473585ea","ts":"2025-10-07T04:25:27.813-04:00","eventName":"n8n.workflow.success","message":"n8n.workflow.success","payload":{"executionId":"12","success":true,"isManual":true,"workflowId":"E93Ct7FNCOGDfR5s","workflowName":"DPR Receiver Workflow"}}
{"__type":"$$EventMessageConfirm","confirm":"4e69f271-df28-4228-80d9-33b5473585ea","ts":"2025-10-07T04:25:27.813-04:00","source":{"id":"0","name":"eventBus"}}
{"__type":"$$EventMessageWorkflow","id":"a7406353-9872-4416-b883-53991ac803e8","ts":"2025-10-07T04:25:37.446-04:00","eventName":"n8n.workflow.started","message":"n8n.workflow.started","payload":{"executionId":"13","workflowId":"E93Ct7FNCOGDfR5s","isManual":false,"workflowName":"DPR Receiver Workflow"}}
{"__type":"$$EventMessageConfirm","confirm":"a7406353-9872-4416-b883-53991ac803e8","ts":"2025-10-07T04:25:37.446-04:00","source":{"id":"0","name":"eventBus"}}
{"__type":"$$EventMessageNode","id":"a8a0b98a-7ce2-4402-84cf-4e871c1111f9","ts":"2025-10-07T04:25:37.447-04:00","eventName":"n8n.node.started","message":"n8n.node.started","payload":{"workflowId":"E93Ct7FNCOGDfR5s","workflowName":"DPR Receiver Workflow","executionId":"13","nodeType":"n8n-nodes-base.webhook","nodeName":"Webhook","nodeId":"446aa2b0-084c-42e4-a74c-a0e36626818b"}}
{"__type":"$$EventMessageConfirm","confirm":"a8a0b98a-7ce2-4402-84cf-4e871c1111f9","ts":"2025-10-07T04:25:37.447-04:00","source":{"id":"0","name":"eventBus"}}
{"__type":"$$EventMessageNode","id":"a8453c06-991a-4f79-8358-e999d605e4ef","ts":"2025-10-07T04:25:37.448-04:00","eventName":"n8n.node.finished","message":"n8n.node.finished","payload":{"workflowId":"E93Ct7FNCOGDfR5s","workflowName":"DPR Receiver Workflow","executionId":"13","nodeType":"n8n-nodes-base.webhook","nodeName":"Webhook","nodeId":"446aa2b0-084c-42e4-a74c-a0e36626818b"}}
{"__type":"$$EventMessageConfirm","confirm":"a8453c06-991a-4f79-8358-e999d605e4ef","ts":"2025-10-07T04:25:37.448-04:00","source":{"id":"0","name":"eventBus"}}
{"__type":"$$EventMessageWorkflow","id":"c1561221-f4d7-4b3d-b095-0ddba4be0f1e","ts":"2025-10-07T04:25:37.449-04:00","eventName":"n8n.workflow.success","message":"n8n.workflow.success","payload":{"executionId":"13","success":true,"isManual":true,"workflowId":"E93Ct7FNCOGDfR5s","workflowName":"DPR Receiver Workflow"}}
{"__type":"$$EventMessageConfirm","confirm":"c1561221-f4d7-4b3d-b095-0ddba4be0f1e","ts":"2025-10-07T04:25:37.450-04:00","source":{"id":"0","name":"eventBus"}}
{"__type":"$$EventMessageWorkflow","id":"8614bb5b-274f-4ebc-91fe-ce228bf4f56b","ts":"2025-10-07T04:30:23.795-04:00","eventName":"n8n.workflow.started","message":"n8n.workflow.started","payload":{"executionId":"14","workflowId":"E93Ct7FNCOGDfR5s","isManual":false,"workflowName":"DPR Receiver Workflow"}}
{"__type":"$$EventMessageConfirm","confirm":"8614bb5b-274f-4ebc-91fe-ce228bf4f56b","ts":"2025-10-07T04:30:23.795-04:00","source":{"id":"0","name":"eventBus"}}
{"__type":"$$EventMessageNode","id":"a7b59fd9-dd81-468b-8167-3b60deedb20b","ts":"2025-10-07T04:30:23.796-04:00","eventName":"n8n.node.started","message":"n8n.node.started","payload":{"workflowId":"E93Ct7FNCOGDfR5s","workflowName":"DPR Receiver Workflow","executionId":"14","nodeType":"n8n-nodes-base.webhook","nodeName":"Webhook","nodeId":"446aa2b0-084c-42e4-a74c-a0e36626818b"}}
{"__type":"$$EventMessageConfirm","confirm":"a7b59fd9-dd81-468b-8167-3b60deedb20b","ts":"2025-10-07T04:30:23.796-04:00","source":{"id":"0","name":"eventBus"}}
{"__type":"$$EventMessageNode","id":"b8a1355c-c026-4158-ae36-dd64eaf90fb4","ts":"2025-10-07T04:30:23.797-04:00","eventName":"n8n.node.finished","message":"n8n.node.finished","payload":{"workflowId":"E93Ct7FNCOGDfR5s","workflowName":"DPR Receiver Workflow","executionId":"14","nodeType":"n8n-nodes-base.webhook","nodeName":"Webhook","nodeId":"446aa2b0-084c-42e4-a74c-a0e36626818b"}}
{"__type":"$$EventMessageConfirm","confirm":"b8a1355c-c026-4158-ae36-dd64eaf90fb4","ts":"2025-10-07T04:30:23.797-04:00","source":{"id":"0","name":"eventBus"}}
{"__type":"$$EventMessageWorkflow","id":"c3b797ef-e643-4249-9790-93efaabd2a46","ts":"2025-10-07T04:30:23.798-04:00","eventName":"n8n.workflow.success","message":"n8n.workflow.success","payload":{"executionId":"14","success":true,"isManual":true,"workflowId":"E93Ct7FNCOGDfR5s","workflowName":"DPR Receiver Workflow"}}
{"__type":"$$EventMessageConfirm","confirm":"c3b797ef-e643-4249-9790-93efaabd2a46","ts":"2025-10-07T04:30:23.798-04:00","source":{"id":"0","name":"eventBus"}}
